[2014-04-15 20:53:24.598] [ERROR] pomelo - [31m[/Users/lwj/workspace/feedback/game-server/node_modules/pomelo/lib/common/service/handlerService.js] [39m[handleManager]: fail to find handler for "connector.entryHandler.enter"
[2014-04-15 20:55:16.032] [ERROR] pomelo - [31m[/Users/lwj/workspace/feedback/game-server/node_modules/pomelo/lib/common/service/handlerService.js] [39m[handleManager]: fail to find handler for "connector.entryHandler.enter"
[2014-04-15 20:55:55.653] [ERROR] pomelo - [31m[/Users/lwj/workspace/feedback/game-server/node_modules/pomelo/lib/common/service/handlerService.js] [39m[handleManager]: fail to find handler for "connector.entryHandler.enter"
[2014-04-15 20:57:31.261] [ERROR] pomelo - [31m[/Users/lwj/workspace/feedback/game-server/node_modules/pomelo/lib/server/server.js] [39mfail to forward message:TypeError: Cannot read property 'msgRemote' of undefined
    at doForward (/Users/lwj/workspace/feedback/game-server/node_modules/pomelo/lib/server/server.js:184:39)
    at pro.handle (/Users/lwj/workspace/feedback/game-server/node_modules/pomelo/lib/server/server.js:70:5)
    at pro.handle (/Users/lwj/workspace/feedback/game-server/node_modules/pomelo/lib/components/server.js:56:15)
    at handleMessage (/Users/lwj/workspace/feedback/game-server/node_modules/pomelo/lib/components/connector.js:250:15)
    at null.<anonymous> (/Users/lwj/workspace/feedback/game-server/node_modules/pomelo/lib/components/connector.js:199:5)
    at EventEmitter.emit (events.js:95:17)
    at Socket.<anonymous> (/Users/lwj/workspace/feedback/game-server/node_modules/pomelo/lib/connectors/siosocket.js:30:10)
    at Socket.EventEmitter.emit [as $emit] (events.js:95:17)
    at SocketNamespace.handlePacket (/Users/lwj/workspace/feedback/game-server/node_modules/pomelo/node_modules/socket.io/lib/namespace.js:353:20)
    at Manager.onClientMessage (/Users/lwj/workspace/feedback/game-server/node_modules/pomelo/node_modules/socket.io/lib/manager.js:488:38)
[2014-04-15 20:57:31.835] [ERROR] pomelo - [31m[/Users/lwj/workspace/feedback/game-server/node_modules/pomelo/lib/server/server.js] [39mfail to forward message:TypeError: Cannot read property 'msgRemote' of undefined
    at doForward (/Users/lwj/workspace/feedback/game-server/node_modules/pomelo/lib/server/server.js:184:39)
    at pro.handle (/Users/lwj/workspace/feedback/game-server/node_modules/pomelo/lib/server/server.js:70:5)
    at pro.handle (/Users/lwj/workspace/feedback/game-server/node_modules/pomelo/lib/components/server.js:56:15)
    at handleMessage (/Users/lwj/workspace/feedback/game-server/node_modules/pomelo/lib/components/connector.js:250:15)
    at null.<anonymous> (/Users/lwj/workspace/feedback/game-server/node_modules/pomelo/lib/components/connector.js:199:5)
    at EventEmitter.emit (events.js:95:17)
    at Socket.<anonymous> (/Users/lwj/workspace/feedback/game-server/node_modules/pomelo/lib/connectors/siosocket.js:30:10)
    at Socket.EventEmitter.emit [as $emit] (events.js:95:17)
    at SocketNamespace.handlePacket (/Users/lwj/workspace/feedback/game-server/node_modules/pomelo/node_modules/socket.io/lib/namespace.js:353:20)
    at Manager.onClientMessage (/Users/lwj/workspace/feedback/game-server/node_modules/pomelo/node_modules/socket.io/lib/manager.js:488:38)
[2014-04-15 20:57:32.001] [ERROR] pomelo - [31m[/Users/lwj/workspace/feedback/game-server/node_modules/pomelo/lib/server/server.js] [39mfail to forward message:TypeError: Cannot read property 'msgRemote' of undefined
    at doForward (/Users/lwj/workspace/feedback/game-server/node_modules/pomelo/lib/server/server.js:184:39)
    at pro.handle (/Users/lwj/workspace/feedback/game-server/node_modules/pomelo/lib/server/server.js:70:5)
    at pro.handle (/Users/lwj/workspace/feedback/game-server/node_modules/pomelo/lib/components/server.js:56:15)
    at handleMessage (/Users/lwj/workspace/feedback/game-server/node_modules/pomelo/lib/components/connector.js:250:15)
    at null.<anonymous> (/Users/lwj/workspace/feedback/game-server/node_modules/pomelo/lib/components/connector.js:199:5)
    at EventEmitter.emit (events.js:95:17)
    at Socket.<anonymous> (/Users/lwj/workspace/feedback/game-server/node_modules/pomelo/lib/connectors/siosocket.js:30:10)
    at Socket.EventEmitter.emit [as $emit] (events.js:95:17)
    at SocketNamespace.handlePacket (/Users/lwj/workspace/feedback/game-server/node_modules/pomelo/node_modules/socket.io/lib/namespace.js:353:20)
    at Manager.onClientMessage (/Users/lwj/workspace/feedback/game-server/node_modules/pomelo/node_modules/socket.io/lib/manager.js:488:38)
[2014-04-15 20:57:32.162] [ERROR] pomelo - [31m[/Users/lwj/workspace/feedback/game-server/node_modules/pomelo/lib/server/server.js] [39mfail to forward message:TypeError: Cannot read property 'msgRemote' of undefined
    at doForward (/Users/lwj/workspace/feedback/game-server/node_modules/pomelo/lib/server/server.js:184:39)
    at pro.handle (/Users/lwj/workspace/feedback/game-server/node_modules/pomelo/lib/server/server.js:70:5)
    at pro.handle (/Users/lwj/workspace/feedback/game-server/node_modules/pomelo/lib/components/server.js:56:15)
    at handleMessage (/Users/lwj/workspace/feedback/game-server/node_modules/pomelo/lib/components/connector.js:250:15)
    at null.<anonymous> (/Users/lwj/workspace/feedback/game-server/node_modules/pomelo/lib/components/connector.js:199:5)
    at EventEmitter.emit (events.js:95:17)
    at Socket.<anonymous> (/Users/lwj/workspace/feedback/game-server/node_modules/pomelo/lib/connectors/siosocket.js:30:10)
    at Socket.EventEmitter.emit [as $emit] (events.js:95:17)
    at SocketNamespace.handlePacket (/Users/lwj/workspace/feedback/game-server/node_modules/pomelo/node_modules/socket.io/lib/namespace.js:353:20)
    at Manager.onClientMessage (/Users/lwj/workspace/feedback/game-server/node_modules/pomelo/node_modules/socket.io/lib/manager.js:488:38)
[2014-04-15 20:57:32.322] [ERROR] pomelo - [31m[/Users/lwj/workspace/feedback/game-server/node_modules/pomelo/lib/server/server.js] [39mfail to forward message:TypeError: Cannot read property 'msgRemote' of undefined
    at doForward (/Users/lwj/workspace/feedback/game-server/node_modules/pomelo/lib/server/server.js:184:39)
    at pro.handle (/Users/lwj/workspace/feedback/game-server/node_modules/pomelo/lib/server/server.js:70:5)
    at pro.handle (/Users/lwj/workspace/feedback/game-server/node_modules/pomelo/lib/components/server.js:56:15)
    at handleMessage (/Users/lwj/workspace/feedback/game-server/node_modules/pomelo/lib/components/connector.js:250:15)
    at null.<anonymous> (/Users/lwj/workspace/feedback/game-server/node_modules/pomelo/lib/components/connector.js:199:5)
    at EventEmitter.emit (events.js:95:17)
    at Socket.<anonymous> (/Users/lwj/workspace/feedback/game-server/node_modules/pomelo/lib/connectors/siosocket.js:30:10)
    at Socket.EventEmitter.emit [as $emit] (events.js:95:17)
    at SocketNamespace.handlePacket (/Users/lwj/workspace/feedback/game-server/node_modules/pomelo/node_modules/socket.io/lib/namespace.js:353:20)
    at Manager.onClientMessage (/Users/lwj/workspace/feedback/game-server/node_modules/pomelo/node_modules/socket.io/lib/manager.js:488:38)
[2014-04-15 20:57:32.530] [ERROR] pomelo - [31m[/Users/lwj/workspace/feedback/game-server/node_modules/pomelo/lib/server/server.js] [39mfail to forward message:TypeError: Cannot read property 'msgRemote' of undefined
    at doForward (/Users/lwj/workspace/feedback/game-server/node_modules/pomelo/lib/server/server.js:184:39)
    at pro.handle (/Users/lwj/workspace/feedback/game-server/node_modules/pomelo/lib/server/server.js:70:5)
    at pro.handle (/Users/lwj/workspace/feedback/game-server/node_modules/pomelo/lib/components/server.js:56:15)
    at handleMessage (/Users/lwj/workspace/feedback/game-server/node_modules/pomelo/lib/components/connector.js:250:15)
    at null.<anonymous> (/Users/lwj/workspace/feedback/game-server/node_modules/pomelo/lib/components/connector.js:199:5)
    at EventEmitter.emit (events.js:95:17)
    at Socket.<anonymous> (/Users/lwj/workspace/feedback/game-server/node_modules/pomelo/lib/connectors/siosocket.js:30:10)
    at Socket.EventEmitter.emit [as $emit] (events.js:95:17)
    at SocketNamespace.handlePacket (/Users/lwj/workspace/feedback/game-server/node_modules/pomelo/node_modules/socket.io/lib/namespace.js:353:20)
    at Manager.onClientMessage (/Users/lwj/workspace/feedback/game-server/node_modules/pomelo/node_modules/socket.io/lib/manager.js:488:38)
[2014-04-15 20:57:32.731] [ERROR] pomelo - [31m[/Users/lwj/workspace/feedback/game-server/node_modules/pomelo/lib/server/server.js] [39mfail to forward message:TypeError: Cannot read property 'msgRemote' of undefined
    at doForward (/Users/lwj/workspace/feedback/game-server/node_modules/pomelo/lib/server/server.js:184:39)
    at pro.handle (/Users/lwj/workspace/feedback/game-server/node_modules/pomelo/lib/server/server.js:70:5)
    at pro.handle (/Users/lwj/workspace/feedback/game-server/node_modules/pomelo/lib/components/server.js:56:15)
    at handleMessage (/Users/lwj/workspace/feedback/game-server/node_modules/pomelo/lib/components/connector.js:250:15)
    at null.<anonymous> (/Users/lwj/workspace/feedback/game-server/node_modules/pomelo/lib/components/connector.js:199:5)
    at EventEmitter.emit (events.js:95:17)
    at Socket.<anonymous> (/Users/lwj/workspace/feedback/game-server/node_modules/pomelo/lib/connectors/siosocket.js:30:10)
    at Socket.EventEmitter.emit [as $emit] (events.js:95:17)
    at SocketNamespace.handlePacket (/Users/lwj/workspace/feedback/game-server/node_modules/pomelo/node_modules/socket.io/lib/namespace.js:353:20)
    at Manager.onClientMessage (/Users/lwj/workspace/feedback/game-server/node_modules/pomelo/node_modules/socket.io/lib/manager.js:488:38)
[2014-04-15 20:57:33.274] [ERROR] pomelo - [31m[/Users/lwj/workspace/feedback/game-server/node_modules/pomelo/lib/server/server.js] [39mfail to forward message:TypeError: Cannot read property 'msgRemote' of undefined
    at doForward (/Users/lwj/workspace/feedback/game-server/node_modules/pomelo/lib/server/server.js:184:39)
    at pro.handle (/Users/lwj/workspace/feedback/game-server/node_modules/pomelo/lib/server/server.js:70:5)
    at pro.handle (/Users/lwj/workspace/feedback/game-server/node_modules/pomelo/lib/components/server.js:56:15)
    at handleMessage (/Users/lwj/workspace/feedback/game-server/node_modules/pomelo/lib/components/connector.js:250:15)
    at null.<anonymous> (/Users/lwj/workspace/feedback/game-server/node_modules/pomelo/lib/components/connector.js:199:5)
    at EventEmitter.emit (events.js:95:17)
    at Socket.<anonymous> (/Users/lwj/workspace/feedback/game-server/node_modules/pomelo/lib/connectors/siosocket.js:30:10)
    at Socket.EventEmitter.emit [as $emit] (events.js:95:17)
    at SocketNamespace.handlePacket (/Users/lwj/workspace/feedback/game-server/node_modules/pomelo/node_modules/socket.io/lib/namespace.js:353:20)
    at Manager.onClientMessage (/Users/lwj/workspace/feedback/game-server/node_modules/pomelo/node_modules/socket.io/lib/manager.js:488:38)
[2014-04-15 20:57:33.864] [ERROR] pomelo - [31m[/Users/lwj/workspace/feedback/game-server/node_modules/pomelo/lib/server/server.js] [39mfail to forward message:TypeError: Cannot read property 'msgRemote' of undefined
    at doForward (/Users/lwj/workspace/feedback/game-server/node_modules/pomelo/lib/server/server.js:184:39)
    at pro.handle (/Users/lwj/workspace/feedback/game-server/node_modules/pomelo/lib/server/server.js:70:5)
    at pro.handle (/Users/lwj/workspace/feedback/game-server/node_modules/pomelo/lib/components/server.js:56:15)
    at handleMessage (/Users/lwj/workspace/feedback/game-server/node_modules/pomelo/lib/components/connector.js:250:15)
    at null.<anonymous> (/Users/lwj/workspace/feedback/game-server/node_modules/pomelo/lib/components/connector.js:199:5)
    at EventEmitter.emit (events.js:95:17)
    at Socket.<anonymous> (/Users/lwj/workspace/feedback/game-server/node_modules/pomelo/lib/connectors/siosocket.js:30:10)
    at Socket.EventEmitter.emit [as $emit] (events.js:95:17)
    at SocketNamespace.handlePacket (/Users/lwj/workspace/feedback/game-server/node_modules/pomelo/node_modules/socket.io/lib/namespace.js:353:20)
    at Manager.onClientMessage (/Users/lwj/workspace/feedback/game-server/node_modules/pomelo/node_modules/socket.io/lib/manager.js:488:38)
[2014-04-15 20:57:34.346] [ERROR] pomelo - [31m[/Users/lwj/workspace/feedback/game-server/node_modules/pomelo/lib/server/server.js] [39mfail to forward message:TypeError: Cannot read property 'msgRemote' of undefined
    at doForward (/Users/lwj/workspace/feedback/game-server/node_modules/pomelo/lib/server/server.js:184:39)
    at pro.handle (/Users/lwj/workspace/feedback/game-server/node_modules/pomelo/lib/server/server.js:70:5)
    at pro.handle (/Users/lwj/workspace/feedback/game-server/node_modules/pomelo/lib/components/server.js:56:15)
    at handleMessage (/Users/lwj/workspace/feedback/game-server/node_modules/pomelo/lib/components/connector.js:250:15)
    at null.<anonymous> (/Users/lwj/workspace/feedback/game-server/node_modules/pomelo/lib/components/connector.js:199:5)
    at EventEmitter.emit (events.js:95:17)
    at Socket.<anonymous> (/Users/lwj/workspace/feedback/game-server/node_modules/pomelo/lib/connectors/siosocket.js:30:10)
    at Socket.EventEmitter.emit [as $emit] (events.js:95:17)
    at SocketNamespace.handlePacket (/Users/lwj/workspace/feedback/game-server/node_modules/pomelo/node_modules/socket.io/lib/namespace.js:353:20)
    at Manager.onClientMessage (/Users/lwj/workspace/feedback/game-server/node_modules/pomelo/node_modules/socket.io/lib/manager.js:488:38)
[2014-04-15 20:57:34.762] [ERROR] pomelo - [31m[/Users/lwj/workspace/feedback/game-server/node_modules/pomelo/lib/server/server.js] [39mfail to forward message:TypeError: Cannot read property 'msgRemote' of undefined
    at doForward (/Users/lwj/workspace/feedback/game-server/node_modules/pomelo/lib/server/server.js:184:39)
    at pro.handle (/Users/lwj/workspace/feedback/game-server/node_modules/pomelo/lib/server/server.js:70:5)
    at pro.handle (/Users/lwj/workspace/feedback/game-server/node_modules/pomelo/lib/components/server.js:56:15)
    at handleMessage (/Users/lwj/workspace/feedback/game-server/node_modules/pomelo/lib/components/connector.js:250:15)
    at null.<anonymous> (/Users/lwj/workspace/feedback/game-server/node_modules/pomelo/lib/components/connector.js:199:5)
    at EventEmitter.emit (events.js:95:17)
    at Socket.<anonymous> (/Users/lwj/workspace/feedback/game-server/node_modules/pomelo/lib/connectors/siosocket.js:30:10)
    at Socket.EventEmitter.emit [as $emit] (events.js:95:17)
    at SocketNamespace.handlePacket (/Users/lwj/workspace/feedback/game-server/node_modules/pomelo/node_modules/socket.io/lib/namespace.js:353:20)
    at Manager.onClientMessage (/Users/lwj/workspace/feedback/game-server/node_modules/pomelo/node_modules/socket.io/lib/manager.js:488:38)
[2014-04-16 19:11:48.250] [ERROR] pomelo - [31m[/Users/lwj/workspace/feedback/game-server/node_modules/pomelo/lib/server/server.js] [39mfail to forward message:TypeError: Cannot read property 'msgRemote' of undefined
    at doForward (/Users/lwj/workspace/feedback/game-server/node_modules/pomelo/lib/server/server.js:184:39)
    at pro.handle (/Users/lwj/workspace/feedback/game-server/node_modules/pomelo/lib/server/server.js:70:5)
    at pro.handle (/Users/lwj/workspace/feedback/game-server/node_modules/pomelo/lib/components/server.js:56:15)
    at handleMessage (/Users/lwj/workspace/feedback/game-server/node_modules/pomelo/lib/components/connector.js:250:15)
    at null.<anonymous> (/Users/lwj/workspace/feedback/game-server/node_modules/pomelo/lib/components/connector.js:199:5)
    at EventEmitter.emit (events.js:95:17)
    at Socket.<anonymous> (/Users/lwj/workspace/feedback/game-server/node_modules/pomelo/lib/connectors/siosocket.js:30:10)
    at Socket.EventEmitter.emit [as $emit] (events.js:95:17)
    at SocketNamespace.handlePacket (/Users/lwj/workspace/feedback/game-server/node_modules/pomelo/node_modules/socket.io/lib/namespace.js:353:20)
    at Manager.onClientMessage (/Users/lwj/workspace/feedback/game-server/node_modules/pomelo/node_modules/socket.io/lib/manager.js:488:38)
[2014-04-16 19:11:48.702] [ERROR] pomelo - [31m[/Users/lwj/workspace/feedback/game-server/node_modules/pomelo/lib/server/server.js] [39mfail to forward message:TypeError: Cannot read property 'msgRemote' of undefined
    at doForward (/Users/lwj/workspace/feedback/game-server/node_modules/pomelo/lib/server/server.js:184:39)
    at pro.handle (/Users/lwj/workspace/feedback/game-server/node_modules/pomelo/lib/server/server.js:70:5)
    at pro.handle (/Users/lwj/workspace/feedback/game-server/node_modules/pomelo/lib/components/server.js:56:15)
    at handleMessage (/Users/lwj/workspace/feedback/game-server/node_modules/pomelo/lib/components/connector.js:250:15)
    at null.<anonymous> (/Users/lwj/workspace/feedback/game-server/node_modules/pomelo/lib/components/connector.js:199:5)
    at EventEmitter.emit (events.js:95:17)
    at Socket.<anonymous> (/Users/lwj/workspace/feedback/game-server/node_modules/pomelo/lib/connectors/siosocket.js:30:10)
    at Socket.EventEmitter.emit [as $emit] (events.js:95:17)
    at SocketNamespace.handlePacket (/Users/lwj/workspace/feedback/game-server/node_modules/pomelo/node_modules/socket.io/lib/namespace.js:353:20)
    at Manager.onClientMessage (/Users/lwj/workspace/feedback/game-server/node_modules/pomelo/node_modules/socket.io/lib/manager.js:488:38)
[2014-04-16 19:13:20.090] [ERROR] pomelo - [31m[/Users/lwj/workspace/feedback/game-server/node_modules/pomelo/lib/server/server.js] [39mfail to forward message:TypeError: Cannot read property 'msgRemote' of undefined
    at doForward (/Users/lwj/workspace/feedback/game-server/node_modules/pomelo/lib/server/server.js:184:39)
    at pro.handle (/Users/lwj/workspace/feedback/game-server/node_modules/pomelo/lib/server/server.js:70:5)
    at pro.handle (/Users/lwj/workspace/feedback/game-server/node_modules/pomelo/lib/components/server.js:56:15)
    at handleMessage (/Users/lwj/workspace/feedback/game-server/node_modules/pomelo/lib/components/connector.js:250:15)
    at null.<anonymous> (/Users/lwj/workspace/feedback/game-server/node_modules/pomelo/lib/components/connector.js:199:5)
    at EventEmitter.emit (events.js:95:17)
    at Socket.<anonymous> (/Users/lwj/workspace/feedback/game-server/node_modules/pomelo/lib/connectors/siosocket.js:30:10)
    at Socket.EventEmitter.emit [as $emit] (events.js:95:17)
    at SocketNamespace.handlePacket (/Users/lwj/workspace/feedback/game-server/node_modules/pomelo/node_modules/socket.io/lib/namespace.js:353:20)
    at Manager.onClientMessage (/Users/lwj/workspace/feedback/game-server/node_modules/pomelo/node_modules/socket.io/lib/manager.js:488:38)
[2014-04-16 19:18:29.307] [ERROR] pomelo - [31m[/Users/lwj/workspace/feedback/game-server/node_modules/pomelo/lib/server/server.js] [39mfail to forward message:TypeError: Cannot read property 'msgRemote' of undefined
    at doForward (/Users/lwj/workspace/feedback/game-server/node_modules/pomelo/lib/server/server.js:184:39)
    at pro.handle (/Users/lwj/workspace/feedback/game-server/node_modules/pomelo/lib/server/server.js:70:5)
    at pro.handle (/Users/lwj/workspace/feedback/game-server/node_modules/pomelo/lib/components/server.js:56:15)
    at handleMessage (/Users/lwj/workspace/feedback/game-server/node_modules/pomelo/lib/components/connector.js:250:15)
    at null.<anonymous> (/Users/lwj/workspace/feedback/game-server/node_modules/pomelo/lib/components/connector.js:199:5)
    at EventEmitter.emit (events.js:95:17)
    at Socket.<anonymous> (/Users/lwj/workspace/feedback/game-server/node_modules/pomelo/lib/connectors/siosocket.js:30:10)
    at Socket.EventEmitter.emit [as $emit] (events.js:95:17)
    at SocketNamespace.handlePacket (/Users/lwj/workspace/feedback/game-server/node_modules/pomelo/node_modules/socket.io/lib/namespace.js:353:20)
    at Manager.onClientMessage (/Users/lwj/workspace/feedback/game-server/node_modules/pomelo/node_modules/socket.io/lib/manager.js:488:38)
[2014-04-16 19:21:48.000] [ERROR] pomelo - [31m[/Users/lwj/workspace/feedback/game-server/node_modules/pomelo/lib/server/server.js] [39mfail to forward message:TypeError: Cannot read property 'msgRemote' of undefined
    at doForward (/Users/lwj/workspace/feedback/game-server/node_modules/pomelo/lib/server/server.js:184:39)
    at pro.handle (/Users/lwj/workspace/feedback/game-server/node_modules/pomelo/lib/server/server.js:70:5)
    at pro.handle (/Users/lwj/workspace/feedback/game-server/node_modules/pomelo/lib/components/server.js:56:15)
    at handleMessage (/Users/lwj/workspace/feedback/game-server/node_modules/pomelo/lib/components/connector.js:250:15)
    at null.<anonymous> (/Users/lwj/workspace/feedback/game-server/node_modules/pomelo/lib/components/connector.js:199:5)
    at EventEmitter.emit (events.js:95:17)
    at Socket.<anonymous> (/Users/lwj/workspace/feedback/game-server/node_modules/pomelo/lib/connectors/siosocket.js:30:10)
    at Socket.EventEmitter.emit [as $emit] (events.js:95:17)
    at SocketNamespace.handlePacket (/Users/lwj/workspace/feedback/game-server/node_modules/pomelo/node_modules/socket.io/lib/namespace.js:353:20)
    at Manager.onClientMessage (/Users/lwj/workspace/feedback/game-server/node_modules/pomelo/node_modules/socket.io/lib/manager.js:488:38)
[2014-04-16 19:22:53.301] [ERROR] pomelo - [31m[/Users/lwj/workspace/feedback/game-server/node_modules/pomelo/lib/server/server.js] [39mfail to forward message:TypeError: Cannot read property 'msgRemote' of undefined
    at doForward (/Users/lwj/workspace/feedback/game-server/node_modules/pomelo/lib/server/server.js:184:39)
    at pro.handle (/Users/lwj/workspace/feedback/game-server/node_modules/pomelo/lib/server/server.js:70:5)
    at pro.handle (/Users/lwj/workspace/feedback/game-server/node_modules/pomelo/lib/components/server.js:56:15)
    at handleMessage (/Users/lwj/workspace/feedback/game-server/node_modules/pomelo/lib/components/connector.js:250:15)
    at null.<anonymous> (/Users/lwj/workspace/feedback/game-server/node_modules/pomelo/lib/components/connector.js:199:5)
    at EventEmitter.emit (events.js:95:17)
    at Socket.<anonymous> (/Users/lwj/workspace/feedback/game-server/node_modules/pomelo/lib/connectors/siosocket.js:30:10)
    at Socket.EventEmitter.emit [as $emit] (events.js:95:17)
    at SocketNamespace.handlePacket (/Users/lwj/workspace/feedback/game-server/node_modules/pomelo/node_modules/socket.io/lib/namespace.js:353:20)
    at Manager.onClientMessage (/Users/lwj/workspace/feedback/game-server/node_modules/pomelo/node_modules/socket.io/lib/manager.js:488:38)
[2014-04-16 19:22:56.820] [ERROR] pomelo - [31m[/Users/lwj/workspace/feedback/game-server/node_modules/pomelo/lib/server/server.js] [39mfail to forward message:TypeError: Cannot read property 'msgRemote' of undefined
    at doForward (/Users/lwj/workspace/feedback/game-server/node_modules/pomelo/lib/server/server.js:184:39)
    at pro.handle (/Users/lwj/workspace/feedback/game-server/node_modules/pomelo/lib/server/server.js:70:5)
    at pro.handle (/Users/lwj/workspace/feedback/game-server/node_modules/pomelo/lib/components/server.js:56:15)
    at handleMessage (/Users/lwj/workspace/feedback/game-server/node_modules/pomelo/lib/components/connector.js:250:15)
    at null.<anonymous> (/Users/lwj/workspace/feedback/game-server/node_modules/pomelo/lib/components/connector.js:199:5)
    at EventEmitter.emit (events.js:95:17)
    at Socket.<anonymous> (/Users/lwj/workspace/feedback/game-server/node_modules/pomelo/lib/connectors/siosocket.js:30:10)
    at Socket.EventEmitter.emit [as $emit] (events.js:95:17)
    at SocketNamespace.handlePacket (/Users/lwj/workspace/feedback/game-server/node_modules/pomelo/node_modules/socket.io/lib/namespace.js:353:20)
    at Manager.onClientMessage (/Users/lwj/workspace/feedback/game-server/node_modules/pomelo/node_modules/socket.io/lib/manager.js:488:38)
[2014-04-16 19:22:57.364] [ERROR] pomelo - [31m[/Users/lwj/workspace/feedback/game-server/node_modules/pomelo/lib/server/server.js] [39mfail to forward message:TypeError: Cannot read property 'msgRemote' of undefined
    at doForward (/Users/lwj/workspace/feedback/game-server/node_modules/pomelo/lib/server/server.js:184:39)
    at pro.handle (/Users/lwj/workspace/feedback/game-server/node_modules/pomelo/lib/server/server.js:70:5)
    at pro.handle (/Users/lwj/workspace/feedback/game-server/node_modules/pomelo/lib/components/server.js:56:15)
    at handleMessage (/Users/lwj/workspace/feedback/game-server/node_modules/pomelo/lib/components/connector.js:250:15)
    at null.<anonymous> (/Users/lwj/workspace/feedback/game-server/node_modules/pomelo/lib/components/connector.js:199:5)
    at EventEmitter.emit (events.js:95:17)
    at Socket.<anonymous> (/Users/lwj/workspace/feedback/game-server/node_modules/pomelo/lib/connectors/siosocket.js:30:10)
    at Socket.EventEmitter.emit [as $emit] (events.js:95:17)
    at SocketNamespace.handlePacket (/Users/lwj/workspace/feedback/game-server/node_modules/pomelo/node_modules/socket.io/lib/namespace.js:353:20)
    at Manager.onClientMessage (/Users/lwj/workspace/feedback/game-server/node_modules/pomelo/node_modules/socket.io/lib/manager.js:488:38)
[2014-04-16 19:22:57.532] [ERROR] pomelo - [31m[/Users/lwj/workspace/feedback/game-server/node_modules/pomelo/lib/server/server.js] [39mfail to forward message:TypeError: Cannot read property 'msgRemote' of undefined
    at doForward (/Users/lwj/workspace/feedback/game-server/node_modules/pomelo/lib/server/server.js:184:39)
    at pro.handle (/Users/lwj/workspace/feedback/game-server/node_modules/pomelo/lib/server/server.js:70:5)
    at pro.handle (/Users/lwj/workspace/feedback/game-server/node_modules/pomelo/lib/components/server.js:56:15)
    at handleMessage (/Users/lwj/workspace/feedback/game-server/node_modules/pomelo/lib/components/connector.js:250:15)
    at null.<anonymous> (/Users/lwj/workspace/feedback/game-server/node_modules/pomelo/lib/components/connector.js:199:5)
    at EventEmitter.emit (events.js:95:17)
    at Socket.<anonymous> (/Users/lwj/workspace/feedback/game-server/node_modules/pomelo/lib/connectors/siosocket.js:30:10)
    at Socket.EventEmitter.emit [as $emit] (events.js:95:17)
    at SocketNamespace.handlePacket (/Users/lwj/workspace/feedback/game-server/node_modules/pomelo/node_modules/socket.io/lib/namespace.js:353:20)
    at Manager.onClientMessage (/Users/lwj/workspace/feedback/game-server/node_modules/pomelo/node_modules/socket.io/lib/manager.js:488:38)
[2014-04-16 19:49:01.913] [ERROR] pomelo - [31m[/Users/lwj/workspace/feedback/game-server/node_modules/pomelo/lib/server/server.js] [39mfail to forward message:TypeError: Cannot read property 'msgRemote' of undefined
    at doForward (/Users/lwj/workspace/feedback/game-server/node_modules/pomelo/lib/server/server.js:184:39)
    at pro.handle (/Users/lwj/workspace/feedback/game-server/node_modules/pomelo/lib/server/server.js:70:5)
    at pro.handle (/Users/lwj/workspace/feedback/game-server/node_modules/pomelo/lib/components/server.js:56:15)
    at handleMessage (/Users/lwj/workspace/feedback/game-server/node_modules/pomelo/lib/components/connector.js:250:15)
    at null.<anonymous> (/Users/lwj/workspace/feedback/game-server/node_modules/pomelo/lib/components/connector.js:199:5)
    at EventEmitter.emit (events.js:95:17)
    at Socket.<anonymous> (/Users/lwj/workspace/feedback/game-server/node_modules/pomelo/lib/connectors/siosocket.js:30:10)
    at Socket.EventEmitter.emit [as $emit] (events.js:95:17)
    at SocketNamespace.handlePacket (/Users/lwj/workspace/feedback/game-server/node_modules/pomelo/node_modules/socket.io/lib/namespace.js:353:20)
    at Manager.onClientMessage (/Users/lwj/workspace/feedback/game-server/node_modules/pomelo/node_modules/socket.io/lib/manager.js:488:38)
[2014-04-16 19:49:02.220] [ERROR] pomelo - [31m[/Users/lwj/workspace/feedback/game-server/node_modules/pomelo/lib/server/server.js] [39mfail to forward message:TypeError: Cannot read property 'msgRemote' of undefined
    at doForward (/Users/lwj/workspace/feedback/game-server/node_modules/pomelo/lib/server/server.js:184:39)
    at pro.handle (/Users/lwj/workspace/feedback/game-server/node_modules/pomelo/lib/server/server.js:70:5)
    at pro.handle (/Users/lwj/workspace/feedback/game-server/node_modules/pomelo/lib/components/server.js:56:15)
    at handleMessage (/Users/lwj/workspace/feedback/game-server/node_modules/pomelo/lib/components/connector.js:250:15)
    at null.<anonymous> (/Users/lwj/workspace/feedback/game-server/node_modules/pomelo/lib/components/connector.js:199:5)
    at EventEmitter.emit (events.js:95:17)
    at Socket.<anonymous> (/Users/lwj/workspace/feedback/game-server/node_modules/pomelo/lib/connectors/siosocket.js:30:10)
    at Socket.EventEmitter.emit [as $emit] (events.js:95:17)
    at SocketNamespace.handlePacket (/Users/lwj/workspace/feedback/game-server/node_modules/pomelo/node_modules/socket.io/lib/namespace.js:353:20)
    at Manager.onClientMessage (/Users/lwj/workspace/feedback/game-server/node_modules/pomelo/node_modules/socket.io/lib/manager.js:488:38)
[2014-04-16 19:49:02.379] [ERROR] pomelo - [31m[/Users/lwj/workspace/feedback/game-server/node_modules/pomelo/lib/server/server.js] [39mfail to forward message:TypeError: Cannot read property 'msgRemote' of undefined
    at doForward (/Users/lwj/workspace/feedback/game-server/node_modules/pomelo/lib/server/server.js:184:39)
    at pro.handle (/Users/lwj/workspace/feedback/game-server/node_modules/pomelo/lib/server/server.js:70:5)
    at pro.handle (/Users/lwj/workspace/feedback/game-server/node_modules/pomelo/lib/components/server.js:56:15)
    at handleMessage (/Users/lwj/workspace/feedback/game-server/node_modules/pomelo/lib/components/connector.js:250:15)
    at null.<anonymous> (/Users/lwj/workspace/feedback/game-server/node_modules/pomelo/lib/components/connector.js:199:5)
    at EventEmitter.emit (events.js:95:17)
    at Socket.<anonymous> (/Users/lwj/workspace/feedback/game-server/node_modules/pomelo/lib/connectors/siosocket.js:30:10)
    at Socket.EventEmitter.emit [as $emit] (events.js:95:17)
    at SocketNamespace.handlePacket (/Users/lwj/workspace/feedback/game-server/node_modules/pomelo/node_modules/socket.io/lib/namespace.js:353:20)
    at Manager.onClientMessage (/Users/lwj/workspace/feedback/game-server/node_modules/pomelo/node_modules/socket.io/lib/manager.js:488:38)
[2014-04-16 19:49:02.540] [ERROR] pomelo - [31m[/Users/lwj/workspace/feedback/game-server/node_modules/pomelo/lib/server/server.js] [39mfail to forward message:TypeError: Cannot read property 'msgRemote' of undefined
    at doForward (/Users/lwj/workspace/feedback/game-server/node_modules/pomelo/lib/server/server.js:184:39)
    at pro.handle (/Users/lwj/workspace/feedback/game-server/node_modules/pomelo/lib/server/server.js:70:5)
    at pro.handle (/Users/lwj/workspace/feedback/game-server/node_modules/pomelo/lib/components/server.js:56:15)
    at handleMessage (/Users/lwj/workspace/feedback/game-server/node_modules/pomelo/lib/components/connector.js:250:15)
    at null.<anonymous> (/Users/lwj/workspace/feedback/game-server/node_modules/pomelo/lib/components/connector.js:199:5)
    at EventEmitter.emit (events.js:95:17)
    at Socket.<anonymous> (/Users/lwj/workspace/feedback/game-server/node_modules/pomelo/lib/connectors/siosocket.js:30:10)
    at Socket.EventEmitter.emit [as $emit] (events.js:95:17)
    at SocketNamespace.handlePacket (/Users/lwj/workspace/feedback/game-server/node_modules/pomelo/node_modules/socket.io/lib/namespace.js:353:20)
    at Manager.onClientMessage (/Users/lwj/workspace/feedback/game-server/node_modules/pomelo/node_modules/socket.io/lib/manager.js:488:38)
[2014-04-16 19:50:42.969] [ERROR] pomelo - [31m[/Users/lwj/workspace/feedback/game-server/node_modules/pomelo/lib/server/server.js] [39mfail to forward message:TypeError: Cannot read property 'msgRemote' of undefined
    at doForward (/Users/lwj/workspace/feedback/game-server/node_modules/pomelo/lib/server/server.js:184:39)
    at pro.handle (/Users/lwj/workspace/feedback/game-server/node_modules/pomelo/lib/server/server.js:70:5)
    at pro.handle (/Users/lwj/workspace/feedback/game-server/node_modules/pomelo/lib/components/server.js:56:15)
    at handleMessage (/Users/lwj/workspace/feedback/game-server/node_modules/pomelo/lib/components/connector.js:250:15)
    at null.<anonymous> (/Users/lwj/workspace/feedback/game-server/node_modules/pomelo/lib/components/connector.js:199:5)
    at EventEmitter.emit (events.js:95:17)
    at Socket.<anonymous> (/Users/lwj/workspace/feedback/game-server/node_modules/pomelo/lib/connectors/siosocket.js:30:10)
    at Socket.EventEmitter.emit [as $emit] (events.js:95:17)
    at SocketNamespace.handlePacket (/Users/lwj/workspace/feedback/game-server/node_modules/pomelo/node_modules/socket.io/lib/namespace.js:353:20)
    at Manager.onClientMessage (/Users/lwj/workspace/feedback/game-server/node_modules/pomelo/node_modules/socket.io/lib/manager.js:488:38)
[2014-04-16 19:50:46.992] [ERROR] pomelo - [31m[/Users/lwj/workspace/feedback/game-server/node_modules/pomelo/lib/server/server.js] [39mfail to forward message:TypeError: Cannot read property 'msgRemote' of undefined
    at doForward (/Users/lwj/workspace/feedback/game-server/node_modules/pomelo/lib/server/server.js:184:39)
    at pro.handle (/Users/lwj/workspace/feedback/game-server/node_modules/pomelo/lib/server/server.js:70:5)
    at pro.handle (/Users/lwj/workspace/feedback/game-server/node_modules/pomelo/lib/components/server.js:56:15)
    at handleMessage (/Users/lwj/workspace/feedback/game-server/node_modules/pomelo/lib/components/connector.js:250:15)
    at null.<anonymous> (/Users/lwj/workspace/feedback/game-server/node_modules/pomelo/lib/components/connector.js:199:5)
    at EventEmitter.emit (events.js:95:17)
    at Socket.<anonymous> (/Users/lwj/workspace/feedback/game-server/node_modules/pomelo/lib/connectors/siosocket.js:30:10)
    at Socket.EventEmitter.emit [as $emit] (events.js:95:17)
    at SocketNamespace.handlePacket (/Users/lwj/workspace/feedback/game-server/node_modules/pomelo/node_modules/socket.io/lib/namespace.js:353:20)
    at Manager.onClientMessage (/Users/lwj/workspace/feedback/game-server/node_modules/pomelo/node_modules/socket.io/lib/manager.js:488:38)
[2014-04-16 19:50:57.220] [ERROR] pomelo - [31m[/Users/lwj/workspace/feedback/game-server/node_modules/pomelo/lib/server/server.js] [39mfail to forward message:TypeError: Cannot read property 'msgRemote' of undefined
    at doForward (/Users/lwj/workspace/feedback/game-server/node_modules/pomelo/lib/server/server.js:184:39)
    at pro.handle (/Users/lwj/workspace/feedback/game-server/node_modules/pomelo/lib/server/server.js:70:5)
    at pro.handle (/Users/lwj/workspace/feedback/game-server/node_modules/pomelo/lib/components/server.js:56:15)
    at handleMessage (/Users/lwj/workspace/feedback/game-server/node_modules/pomelo/lib/components/connector.js:250:15)
    at null.<anonymous> (/Users/lwj/workspace/feedback/game-server/node_modules/pomelo/lib/components/connector.js:199:5)
    at EventEmitter.emit (events.js:95:17)
    at Socket.<anonymous> (/Users/lwj/workspace/feedback/game-server/node_modules/pomelo/lib/connectors/siosocket.js:30:10)
    at Socket.EventEmitter.emit [as $emit] (events.js:95:17)
    at SocketNamespace.handlePacket (/Users/lwj/workspace/feedback/game-server/node_modules/pomelo/node_modules/socket.io/lib/namespace.js:353:20)
    at Manager.onClientMessage (/Users/lwj/workspace/feedback/game-server/node_modules/pomelo/node_modules/socket.io/lib/manager.js:488:38)
[2014-04-16 19:50:57.371] [ERROR] pomelo - [31m[/Users/lwj/workspace/feedback/game-server/node_modules/pomelo/lib/server/server.js] [39mfail to forward message:TypeError: Cannot read property 'msgRemote' of undefined
    at doForward (/Users/lwj/workspace/feedback/game-server/node_modules/pomelo/lib/server/server.js:184:39)
    at pro.handle (/Users/lwj/workspace/feedback/game-server/node_modules/pomelo/lib/server/server.js:70:5)
    at pro.handle (/Users/lwj/workspace/feedback/game-server/node_modules/pomelo/lib/components/server.js:56:15)
    at handleMessage (/Users/lwj/workspace/feedback/game-server/node_modules/pomelo/lib/components/connector.js:250:15)
    at null.<anonymous> (/Users/lwj/workspace/feedback/game-server/node_modules/pomelo/lib/components/connector.js:199:5)
    at EventEmitter.emit (events.js:95:17)
    at Socket.<anonymous> (/Users/lwj/workspace/feedback/game-server/node_modules/pomelo/lib/connectors/siosocket.js:30:10)
    at Socket.EventEmitter.emit [as $emit] (events.js:95:17)
    at SocketNamespace.handlePacket (/Users/lwj/workspace/feedback/game-server/node_modules/pomelo/node_modules/socket.io/lib/namespace.js:353:20)
    at Manager.onClientMessage (/Users/lwj/workspace/feedback/game-server/node_modules/pomelo/node_modules/socket.io/lib/manager.js:488:38)
[2014-04-16 19:50:57.520] [ERROR] pomelo - [31m[/Users/lwj/workspace/feedback/game-server/node_modules/pomelo/lib/server/server.js] [39mfail to forward message:TypeError: Cannot read property 'msgRemote' of undefined
    at doForward (/Users/lwj/workspace/feedback/game-server/node_modules/pomelo/lib/server/server.js:184:39)
    at pro.handle (/Users/lwj/workspace/feedback/game-server/node_modules/pomelo/lib/server/server.js:70:5)
    at pro.handle (/Users/lwj/workspace/feedback/game-server/node_modules/pomelo/lib/components/server.js:56:15)
    at handleMessage (/Users/lwj/workspace/feedback/game-server/node_modules/pomelo/lib/components/connector.js:250:15)
    at null.<anonymous> (/Users/lwj/workspace/feedback/game-server/node_modules/pomelo/lib/components/connector.js:199:5)
    at EventEmitter.emit (events.js:95:17)
    at Socket.<anonymous> (/Users/lwj/workspace/feedback/game-server/node_modules/pomelo/lib/connectors/siosocket.js:30:10)
    at Socket.EventEmitter.emit [as $emit] (events.js:95:17)
    at SocketNamespace.handlePacket (/Users/lwj/workspace/feedback/game-server/node_modules/pomelo/node_modules/socket.io/lib/namespace.js:353:20)
    at Manager.onClientMessage (/Users/lwj/workspace/feedback/game-server/node_modules/pomelo/node_modules/socket.io/lib/manager.js:488:38)
[2014-04-21 14:22:08.688] [ERROR] pomelo - [31m[/Users/lwj/workspace/feedback/game-server/node_modules/pomelo/lib/server/server.js] [39mfail to forward message:TypeError: Cannot call method 'forwardMessage' of undefined
    at doForward (/Users/lwj/workspace/feedback/game-server/node_modules/pomelo/lib/server/server.js:184:50)
    at pro.handle (/Users/lwj/workspace/feedback/game-server/node_modules/pomelo/lib/server/server.js:70:5)
    at pro.handle (/Users/lwj/workspace/feedback/game-server/node_modules/pomelo/lib/components/server.js:56:15)
    at handleMessage (/Users/lwj/workspace/feedback/game-server/node_modules/pomelo/lib/components/connector.js:250:15)
    at null.<anonymous> (/Users/lwj/workspace/feedback/game-server/node_modules/pomelo/lib/components/connector.js:199:5)
    at EventEmitter.emit (events.js:95:17)
    at Socket.<anonymous> (/Users/lwj/workspace/feedback/game-server/node_modules/pomelo/lib/connectors/siosocket.js:30:10)
    at Socket.EventEmitter.emit [as $emit] (events.js:95:17)
    at SocketNamespace.handlePacket (/Users/lwj/workspace/feedback/game-server/node_modules/pomelo/node_modules/socket.io/lib/namespace.js:353:20)
    at Manager.onClientMessage (/Users/lwj/workspace/feedback/game-server/node_modules/pomelo/node_modules/socket.io/lib/manager.js:488:38)
[2014-04-21 15:23:02.743] [ERROR] pomelo - [31m[/Users/lwj/workspace/feedback/game-server/node_modules/pomelo/lib/server/server.js] [39mfail to forward message:TypeError: Cannot call method 'forwardMessage' of undefined
    at doForward (/Users/lwj/workspace/feedback/game-server/node_modules/pomelo/lib/server/server.js:184:50)
    at pro.handle (/Users/lwj/workspace/feedback/game-server/node_modules/pomelo/lib/server/server.js:70:5)
    at pro.handle (/Users/lwj/workspace/feedback/game-server/node_modules/pomelo/lib/components/server.js:56:15)
    at handleMessage (/Users/lwj/workspace/feedback/game-server/node_modules/pomelo/lib/components/connector.js:250:15)
    at null.<anonymous> (/Users/lwj/workspace/feedback/game-server/node_modules/pomelo/lib/components/connector.js:199:5)
    at EventEmitter.emit (events.js:95:17)
    at Socket.<anonymous> (/Users/lwj/workspace/feedback/game-server/node_modules/pomelo/lib/connectors/siosocket.js:30:10)
    at Socket.EventEmitter.emit [as $emit] (events.js:95:17)
    at SocketNamespace.handlePacket (/Users/lwj/workspace/feedback/game-server/node_modules/pomelo/node_modules/socket.io/lib/namespace.js:353:20)
    at Manager.onClientMessage (/Users/lwj/workspace/feedback/game-server/node_modules/pomelo/node_modules/socket.io/lib/manager.js:488:38)
